[debug] [2018-07-09T14:49:38.762Z] ----------------------------------------------------------------------
[debug] [2018-07-09T14:49:38.765Z] Command:       /usr/local/Cellar/node/10.3.0/bin/node /usr/local/bin/firebase deploy
[debug] [2018-07-09T14:49:38.765Z] CLI Version:   3.19.1
[debug] [2018-07-09T14:49:38.765Z] Platform:      darwin
[debug] [2018-07-09T14:49:38.766Z] Node Version:  v10.3.0
[debug] [2018-07-09T14:49:38.766Z] Time:          Mon Jul 09 2018 10:49:38 GMT-0400 (EDT)
[debug] [2018-07-09T14:49:38.766Z] ----------------------------------------------------------------------
[debug] 
[debug] [2018-07-09T14:49:38.792Z] > command requires scopes: ["email","openid","https://www.googleapis.com/auth/cloudplatformprojects.readonly","https://www.googleapis.com/auth/firebase","https://www.googleapis.com/auth/cloud-platform"]
[debug] [2018-07-09T14:49:38.792Z] > authorizing via signed-in user
[debug] [2018-07-09T14:49:38.794Z] >>> HTTP REQUEST GET https://admin.firebase.com/v1/projects/q-seum  
  
 Mon Jul 09 2018 10:49:38 GMT-0400 (EDT)
[debug] [2018-07-09T14:49:39.215Z] <<< HTTP RESPONSE 200
[debug] [2018-07-09T14:49:39.216Z] >>> HTTP REQUEST GET https://admin.firebase.com/v1/database/q-seum/tokens  
  
 Mon Jul 09 2018 10:49:39 GMT-0400 (EDT)
[debug] [2018-07-09T14:49:39.612Z] <<< HTTP RESPONSE 200
[info] 
[info] === Deploying to 'q-seum'...
[info] 
[info] i  deploying database, storage, functions, hosting
[info] i  database: checking rules syntax...
[debug] [2018-07-09T14:49:42.522Z] >>> HTTP REQUEST PUT https://q-seum.firebaseio.com/.settings/rules.json?dryRun=true  
 {
  "rules": {
    ".read": "auth != null",
    ".write": "auth != null"
  }
}
 
 Mon Jul 09 2018 10:49:42 GMT-0400 (EDT)
[debug] [2018-07-09T14:49:42.863Z] <<< HTTP RESPONSE 200
[info] ✔  database: rules syntax for database q-seum is valid
[debug] [2018-07-09T14:49:42.866Z] >>> HTTP REQUEST GET https://appengine.googleapis.com/v1/apps/q-seum  
  
 Mon Jul 09 2018 10:49:42 GMT-0400 (EDT)
